c:\users\muhaimen\onedrive\college\spring 2015\cop 3331\project\project\debug\vc120.pdb
c:\users\muhaimen\onedrive\college\spring 2015\cop 3331\project\project\debug\vc120.idb
c:\users\muhaimen\onedrive\college\spring 2015\cop 3331\project\project\debug\compress.obj
c:\users\muhaimen\onedrive\college\spring 2015\cop 3331\project\project\debug\driver.obj
c:\users\muhaimen\onedrive\college\spring 2015\cop 3331\project\project\debug\lz77.obj
c:\users\muhaimen\onedrive\college\spring 2015\cop 3331\project\debug\project.pdb
c:\users\muhaimen\onedrive\college\spring 2015\cop 3331\project\project\debug\project.tlog\cl.command.1.tlog
c:\users\muhaimen\onedrive\college\spring 2015\cop 3331\project\project\debug\project.tlog\cl.read.1.tlog
c:\users\muhaimen\onedrive\college\spring 2015\cop 3331\project\project\debug\project.tlog\cl.write.1.tlog
c:\users\muhaimen\onedrive\college\spring 2015\cop 3331\project\project\debug\project.tlog\link-cvtres.read.1.tlog
c:\users\muhaimen\onedrive\college\spring 2015\cop 3331\project\project\debug\project.tlog\link-cvtres.write.1.tlog
c:\users\muhaimen\onedrive\college\spring 2015\cop 3331\project\project\debug\project.tlog\link-rc.read.1.tlog
c:\users\muhaimen\onedrive\college\spring 2015\cop 3331\project\project\debug\project.tlog\link-rc.write.1.tlog
c:\users\muhaimen\onedrive\college\spring 2015\cop 3331\project\project\debug\project.tlog\link.8032-cvtres.read.1.tlog
c:\users\muhaimen\onedrive\college\spring 2015\cop 3331\project\project\debug\project.tlog\link.8032-cvtres.write.1.tlog
c:\users\muhaimen\onedrive\college\spring 2015\cop 3331\project\project\debug\project.tlog\link.8032-rc.read.1.tlog
c:\users\muhaimen\onedrive\college\spring 2015\cop 3331\project\project\debug\project.tlog\link.8032-rc.write.1.tlog
c:\users\muhaimen\onedrive\college\spring 2015\cop 3331\project\project\debug\project.tlog\link.8032.read.1.tlog
c:\users\muhaimen\onedrive\college\spring 2015\cop 3331\project\project\debug\project.tlog\link.8032.write.1.tlog
c:\users\muhaimen\onedrive\college\spring 2015\cop 3331\project\project\debug\project.tlog\link.command.1.tlog
c:\users\muhaimen\onedrive\college\spring 2015\cop 3331\project\project\debug\project.tlog\link.read.1.tlog
c:\users\muhaimen\onedrive\college\spring 2015\cop 3331\project\project\debug\project.tlog\link.write.1.tlog
